Flow report for MEDIAN
Mon Dec 10 11:47:36 2018
Quartus II 64-Bit Version 13.0.1 Build 232 06/12/2013 Service Pack 1 SJ Full Version


---------------------
; Table of Contents ;
---------------------
  1. Legal Notice
  2. Flow Summary
  3. Flow Settings
  4. Flow Non-Default Global Settings
  5. Flow Elapsed Time
  6. Flow OS Summary
  7. Flow Log
  8. Flow Messages
  9. Flow Suppressed Messages



----------------
; Legal Notice ;
----------------
Copyright (C) 1991-2013 Altera Corporation
Your use of Altera Corporation's design tools, logic functions 
and other software and tools, and its AMPP partner logic 
functions, and any output files from any of the foregoing 
(including device programming or simulation files), and any 
associated documentation or information are expressly subject 
to the terms and conditions of the Altera Program License 
Subscription Agreement, Altera MegaCore Function License 
Agreement, or other applicable license agreement, including, 
without limitation, that your use is for the sole purpose of 
programming logic devices manufactured by Altera and sold by 
Altera or its authorized distributors.  Please refer to the 
applicable agreement for further details.



+---------------------------------------------------------------------------------------+
; Flow Summary                                                                          ;
+------------------------------------+--------------------------------------------------+
; Flow Status                        ; Successful - Mon Dec 10 11:47:36 2018            ;
; Quartus II 64-Bit Version          ; 13.0.1 Build 232 06/12/2013 SP 1 SJ Full Version ;
; Revision Name                      ; MEDIAN                                           ;
; Top-level Entity Name              ; MEDIAN                                           ;
; Family                             ; Cyclone II                                       ;
; Device                             ; EP2C35F672C8                                     ;
; Timing Models                      ; Final                                            ;
; Total logic elements               ; 65 / 33,216 ( < 1 % )                            ;
;     Total combinational functions  ; 61 / 33,216 ( < 1 % )                            ;
;     Dedicated logic registers      ; 32 / 33,216 ( < 1 % )                            ;
; Total registers                    ; 32                                               ;
; Total pins                         ; 20 / 475 ( 4 % )                                 ;
; Total virtual pins                 ; 0                                                ;
; Total memory bits                  ; 64 / 483,840 ( < 1 % )                           ;
; Embedded Multiplier 9-bit elements ; 0 / 70 ( 0 % )                                   ;
; Total PLLs                         ; 0 / 4 ( 0 % )                                    ;
+------------------------------------+--------------------------------------------------+


+-----------------------------------------+
; Flow Settings                           ;
+-------------------+---------------------+
; Option            ; Setting             ;
+-------------------+---------------------+
; Start date & time ; 12/10/2018 11:47:13 ;
; Main task         ; Compilation         ;
; Revision Name     ; MEDIAN              ;
+-------------------+---------------------+


+----------------------------------------------------------------------------------------------------------------------------------------------+
; Flow Non-Default Global Settings                                                                                                             ;
+-----------------------------------+-----------------------------------------------+---------------------+-------------+----------------------+
; Assignment Name                   ; Value                                         ; Default Value       ; Entity Name ; Section Id           ;
+-----------------------------------+-----------------------------------------------+---------------------+-------------+----------------------+
; AUTO_RAM_RECOGNITION              ; Off                                           ; On                  ; --          ; --                   ;
; AUTO_ROM_RECOGNITION              ; Off                                           ; On                  ; --          ; --                   ;
; AUTO_SHIFT_REGISTER_RECOGNITION   ; Off                                           ; Auto                ; --          ; --                   ;
; BLOCK_RAM_TO_MLAB_CELL_CONVERSION ; Off                                           ; On                  ; --          ; --                   ;
; COMPILER_SIGNATURE_ID             ; 273486650430132.154443883211553               ; --                  ; --          ; --                   ;
; EDA_DESIGN_ENTRY_SYNTHESIS_TOOL   ; PRECISION SYNTHESIS                           ; <None>              ; --          ; --                   ;
; EDA_FLATTEN_BUSES                 ; Off                                           ; --                  ; --          ; eda_simulation       ;
; EDA_FLATTEN_BUSES                 ; Off                                           ; --                  ; --          ; eda_timing_analysis  ;
; EDA_INPUT_DATA_FORMAT             ; Vqm                                           ; --                  ; --          ; eda_design_synthesis ;
; EDA_INPUT_GND_NAME                ; Gnd                                           ; --                  ; --          ; eda_design_synthesis ;
; EDA_INPUT_VCC_NAME                ; Vcc                                           ; --                  ; --          ; eda_design_synthesis ;
; EDA_LMF_FILE                      ; mentor.lmf                                    ; --                  ; --          ; eda_design_synthesis ;
; EDA_OUTPUT_DATA_FORMAT            ; Vqm                                           ; --                  ; --          ; eda_design_synthesis ;
; EDA_RUN_TOOL_AUTOMATICALLY        ; Off                                           ; --                  ; --          ; eda_design_synthesis ;
; EDA_SHOW_LMF_MAPPING_MESSAGES     ; Off                                           ; --                  ; --          ; eda_design_synthesis ;
; EDA_SIMULATION_TOOL               ; MODELSIM (VERILOG HDL OUTPUT FROM QUARTUS II) ; <None>              ; --          ; --                   ;
; PROJECT_SHOW_ENTITY_NAME          ; Off                                           ; On                  ; --          ; --                   ;
; READ_OR_WRITE_IN_BYTE_ADDRESS     ; On                                            ; Use global settings ; --          ; --                   ;
+-----------------------------------+-----------------------------------------------+---------------------+-------------+----------------------+


+-------------------------------------------------------------------------------------------------------------------------------+
; Flow Elapsed Time                                                                                                             ;
+---------------------------+--------------+-------------------------+---------------------+------------------------------------+
; Module Name               ; Elapsed Time ; Average Processors Used ; Peak Virtual Memory ; Total CPU Time (on all processors) ;
+---------------------------+--------------+-------------------------+---------------------+------------------------------------+
; Analysis & Synthesis      ; 00:00:03     ; 1.0                     ; 601 MB              ; 00:00:01                           ;
; Fitter                    ; 00:00:06     ; 1.0                     ; 754 MB              ; 00:00:06                           ;
; TimeQuest Timing Analyzer ; 00:00:02     ; 1.0                     ; 532 MB              ; 00:00:01                           ;
; Assembler                 ; 00:00:02     ; 1.0                     ; 559 MB              ; 00:00:02                           ;
; EDA Netlist Writer        ; 00:00:00     ; 1.0                     ; 817 MB              ; 00:00:01                           ;
; Total                     ; 00:00:13     ; --                      ; --                  ; 00:00:11                           ;
+---------------------------+--------------+-------------------------+---------------------+------------------------------------+


+-----------------------------------------------------------------------------------------------+
; Flow OS Summary                                                                               ;
+---------------------------+------------------+------------------+------------+----------------+
; Module Name               ; Machine Hostname ; OS Name          ; OS Version ; Processor type ;
+---------------------------+------------------+------------------+------------+----------------+
; Analysis & Synthesis      ; c126-25          ; Debian GNU/Linux ; 9          ; x86_64         ;
; Fitter                    ; c126-25          ; Debian GNU/Linux ; 9          ; x86_64         ;
; TimeQuest Timing Analyzer ; c126-25          ; Debian GNU/Linux ; 9          ; x86_64         ;
; Assembler                 ; c126-25          ; Debian GNU/Linux ; 9          ; x86_64         ;
; EDA Netlist Writer        ; c126-25          ; Debian GNU/Linux ; 9          ; x86_64         ;
+---------------------------+------------------+------------------+------------+----------------+


------------
; Flow Log ;
------------
quartus_map --read_settings_files=on --write_settings_files=off MEDIAN -c MEDIAN
quartus_fit --read_settings_files=on --write_settings_files=off MEDIAN -c MEDIAN
quartus_sta MEDIAN -c MEDIAN --do_report_timing
quartus_asm --read_settings_files=on --write_settings_files=off MEDIAN -c MEDIAN
quartus_eda --read_settings_files=on --write_settings_files=off MEDIAN -c MEDIAN



