


~~~~~~~~~~~~~~~~
Module : MEDIAN
~~~~~~~~~~~~~~~~
Number of FSMs Extracted : 1

1.
--------------------------------------------------
Number of States                : 8
Primary State Variable          : state[2:0]
Async set/reset state(s)        : 000 
Re-encoding Scheme              : ONEHOT 
FSM: Info, state encoding table:
FSM:	Index	                         State Name	                            Literal	                      Encoding
FSM:	    0	                              INIT0	                                000	                      00000001
FSM:	    1	                              INIT1	                                001	                      00000010
FSM:	    2	                              INIT2	                                010	                      00000100
FSM:	    3	                                 S1	                                011	                      00001000
FSM:	    4	                                 S2	                                100	                      00010000
FSM:	    5	                                 S3	                                101	                      00100000
FSM:	    6	                                 S4	                                110	                      01000000
FSM:	    7	                                 S5	                                111	                      10000000



